<?xml version="1.0" encoding="UTF-8"?>
<!-- Generated by org.testng.reporters.JUnitReportReporter -->
<testsuite hostname="Narendras-MacBook-Pro.local" failures="0" tests="3" name="Scripts.Search" time="33.267" errors="0" timestamp="20 Sep 2021 08:34:20 GMT" skipped="0">
  <testcase classname="Scripts.Search" name="SearchWithvalidText" time="10.340"/>
  <testcase classname="Scripts.Search" name="SearchWithInvalidText" time="9.788"/>
  <testcase classname="Scripts.Search" name="SearchWithInvalidnumericvalue" time="13.139"/>
</testsuite> <!-- Scripts.Search -->
